<?xml version="1.0" encoding="UTF-8"?>
<!-- Generated by org.testng.reporters.JUnitXMLReporter -->
<testsuite ignored="6" hostname="XIPL0448" failures="0" tests="2" name="Internet Explorer Test" time="23.98" errors="0" timestamp="25 May 2018 13:27:01 GMT">
  <testcase classname="com.gi.de.base.BaseTestCase" name="@BeforeMethod setup" time="23.948">
    <failure type="org.openqa.selenium.SessionNotCreatedException" message="Unexpected error launching Internet Explorer. IELaunchURL() returned HRESULT 80070012 (&amp;apos;There are no more files.&amp;apos;) for URL &amp;apos;http://localhost:27507/&amp;apos;
Build info: version: &amp;apos;3.11.0&amp;apos;, revision: &amp;apos;e59cfb3&amp;apos;, time: &amp;apos;2018-03-11T20:26:55.152Z&amp;apos;
System info: host: &amp;apos;XIPL0448&amp;apos;, ip: &amp;apos;172.26.21.82&amp;apos;, os.name: &amp;apos;Windows 10&amp;apos;, os.arch: &amp;apos;amd64&amp;apos;, os.version: &amp;apos;10.0&amp;apos;, java.version: &amp;apos;10&amp;apos;
Driver info: driver.version: IEWebDriver
remote stacktrace: ">
      <![CDATA[org.openqa.selenium.SessionNotCreatedException: Unexpected error launching Internet Explorer. IELaunchURL() returned HRESULT 80070012 ('There are no more files.') for URL 'http://localhost:27507/'
Build info: version: '3.11.0', revision: 'e59cfb3', time: '2018-03-11T20:26:55.152Z'
System info: host: 'XIPL0448', ip: '172.26.21.82', os.name: 'Windows 10', os.arch: 'amd64', os.version: '10.0', java.version: '10'
Driver info: driver.version: IEWebDriver
remote stacktrace: 
at org.openqa.selenium.remote.W3CHandshakeResponse.lambda$new$0(W3CHandshakeResponse.java:57)
at org.openqa.selenium.remote.W3CHandshakeResponse.lambda$getResponseFunction$2(W3CHandshakeResponse.java:104)
at org.openqa.selenium.remote.ProtocolHandshake.lambda$createSession$0(ProtocolHandshake.java:123)
at java.base/java.util.stream.ReferencePipeline$3$1.accept(ReferencePipeline.java:195)
at java.base/java.util.Spliterators$ArraySpliterator.tryAdvance(Spliterators.java:958)
at java.base/java.util.stream.ReferencePipeline.forEachWithCancel(ReferencePipeline.java:127)
at java.base/java.util.stream.AbstractPipeline.copyIntoWithCancel(AbstractPipeline.java:502)
at java.base/java.util.stream.AbstractPipeline.copyInto(AbstractPipeline.java:488)
at java.base/java.util.stream.AbstractPipeline.wrapAndCopyInto(AbstractPipeline.java:474)
at java.base/java.util.stream.FindOps$FindOp.evaluateSequential(FindOps.java:150)
at java.base/java.util.stream.AbstractPipeline.evaluate(AbstractPipeline.java:234)
at java.base/java.util.stream.ReferencePipeline.findFirst(ReferencePipeline.java:543)
at org.openqa.selenium.remote.ProtocolHandshake.createSession(ProtocolHandshake.java:126)
at org.openqa.selenium.remote.ProtocolHandshake.createSession(ProtocolHandshake.java:73)
at org.openqa.selenium.remote.HttpCommandExecutor.execute(HttpCommandExecutor.java:136)
at org.openqa.selenium.remote.service.DriverCommandExecutor.execute(DriverCommandExecutor.java:83)
at org.openqa.selenium.remote.RemoteWebDriver.execute(RemoteWebDriver.java:545)
at org.openqa.selenium.remote.RemoteWebDriver.startSession(RemoteWebDriver.java:209)
at org.openqa.selenium.ie.InternetExplorerDriver.run(InternetExplorerDriver.java:223)
at org.openqa.selenium.ie.InternetExplorerDriver.<init>(InternetExplorerDriver.java:215)
at org.openqa.selenium.ie.InternetExplorerDriver.<init>(InternetExplorerDriver.java:152)
at com.gi.de.browsers.IEWebDriver.getDriver(IEWebDriver.java:13)
at com.gi.de.browsers.BrowserTypes.getDriver(BrowserTypes.java:14)
at com.gi.de.base.BaseTestCase.setup(BaseTestCase.java:63)
at java.base/java.util.concurrent.ThreadPoolExecutor.runWorker(ThreadPoolExecutor.java:1135)
at java.base/java.util.concurrent.ThreadPoolExecutor$Worker.run(ThreadPoolExecutor.java:635)
at java.base/java.lang.Thread.run(Thread.java:844)
... Removed 17 stack frames]]>
    </failure>
  </testcase> <!-- @BeforeMethod setup -->
  <testcase classname="com.gi.de.base.BaseTestCase" name="@BeforeMethod startTest" time="0.0">
    <skipped/>
  </testcase> <!-- @BeforeMethod startTest -->
  <testcase classname="com.gi.de.base.BaseTestCase" name="@AfterMethod prepareReport" time="0.0">
    <skipped/>
  </testcase> <!-- @AfterMethod prepareReport -->
  <testcase classname="com.gi.de.base.BaseTestCase" name="@AfterMethod quitDriver" time="0.0">
    <skipped/>
  </testcase> <!-- @AfterMethod quitDriver -->
  <testcase classname="com.gi.de.full.testsuites.development.Login2" name="LoginScreen_ApplicationUrl1" time="0.807"/>
  <testcase classname="com.gi.de.full.testsuites.development.Login" name="LoginScreen_ApplicationUrl" time="0.0">
    <skipped/>
  </testcase> <!-- LoginScreen_ApplicationUrl -->
  <testcase classname="com.gi.de.full.testsuites.development.Login2" name="loginScreen_ValidUser_ProductionStaff1" time="0.0">
    <ignored/>
  </testcase> <!-- loginScreen_ValidUser_ProductionStaff1 -->
  <testcase classname="com.gi.de.full.testsuites.development.Login2" name="loginScreen_ValidUser_OperationManager1" time="0.0">
    <ignored/>
  </testcase> <!-- loginScreen_ValidUser_OperationManager1 -->
  <testcase classname="com.gi.de.base.BaseTestCase" name="@AfterTest endTest" time="0.0">
    <ignored/>
  </testcase> <!-- @AfterTest endTest -->
  <testcase classname="com.gi.de.base.BaseTestCase" name="@BeforeTest test" time="0.0">
    <ignored/>
  </testcase> <!-- @BeforeTest test -->
  <testcase classname="com.gi.de.full.testsuites.development.Login" name="loginScreen_ValidUser_OperationManager" time="0.0">
    <ignored/>
  </testcase> <!-- loginScreen_ValidUser_OperationManager -->
  <testcase classname="com.gi.de.full.testsuites.development.Login" name="loginScreen_ValidUser_ProductionStaff" time="0.0">
    <ignored/>
  </testcase> <!-- loginScreen_ValidUser_ProductionStaff -->
</testsuite> <!-- Internet Explorer Test -->
