<?xml version="1.0" encoding="UTF-8"?>
<!-- Generated by org.testng.reporters.JUnitReportReporter -->
<testsuite hostname="XIPL0448" failures="0" tests="27" name="com.xpan.gnd.full.testsuites.development.ProductionOrder" time="8.868" errors="2" timestamp="25 May 2018 12:16:10 GMT" skipped="25">
  <testcase classname="com.xpan.gnd.full.testsuites.development.ProductionOrder" name="productionOrderList_Screen_Filterpanel" time="7.820">
    <skipped/>
  </testcase> <!-- productionOrderList_Screen_Filterpanel -->
  <testcase classname="com.xpan.gnd.full.testsuites.development.ProductionOrder" name="productionOrderList_Screen_FilterDate_fields_ValidationMin" time="0.000">
    <skipped/>
  </testcase> <!-- productionOrderList_Screen_FilterDate_fields_ValidationMin -->
  <testcase classname="com.xpan.gnd.full.testsuites.development.ProductionOrder" name="productionOrderList_Screen_Filter_Status_Field" time="0.000">
    <skipped/>
  </testcase> <!-- productionOrderList_Screen_Filter_Status_Field -->
  <testcase classname="com.xpan.gnd.full.testsuites.development.ProductionOrder" name="productionOrderList_Screen_SearchAnd_Filter" time="0.000">
    <skipped/>
  </testcase> <!-- productionOrderList_Screen_SearchAnd_Filter -->
  <testcase classname="com.xpan.gnd.full.testsuites.development.ProductionOrder" name="productionOrderList_Screen_FilterDate_fields_From" time="0.000">
    <skipped/>
  </testcase> <!-- productionOrderList_Screen_FilterDate_fields_From -->
  <testcase classname="com.xpan.gnd.full.testsuites.development.ProductionOrder" name="productionOrderRedirectScreen_SO_Removal" time="0.000">
    <skipped/>
  </testcase> <!-- productionOrderRedirectScreen_SO_Removal -->
  <testcase classname="com.xpan.gnd.full.testsuites.development.ProductionOrder" name="productionOrderList_Screen_FilterDate_fields_ValidationMax" time="0.000">
    <skipped/>
  </testcase> <!-- productionOrderList_Screen_FilterDate_fields_ValidationMax -->
  <testcase classname="com.xpan.gnd.full.testsuites.development.ProductionOrder" name="productionOrderRedirectScreen_Redirect_contents" time="0.000">
    <skipped/>
  </testcase> <!-- productionOrderRedirectScreen_Redirect_contents -->
  <testcase classname="com.xpan.gnd.full.testsuites.development.ProductionOrder" name="productionOrderList_Screen_FilterClear" time="0.000">
    <skipped/>
  </testcase> <!-- productionOrderList_Screen_FilterClear -->
  <testcase classname="com.xpan.gnd.full.testsuites.development.ProductionOrder" name="productionOrderList_Screen_Action_buttons_Disabled" time="0.000">
    <skipped/>
  </testcase> <!-- productionOrderList_Screen_Action_buttons_Disabled -->
  <testcase classname="com.xpan.gnd.full.testsuites.development.ProductionOrder" name="productionOrderList_Screen_Production_OrderSTATUS" time="0.000">
    <skipped/>
  </testcase> <!-- productionOrderList_Screen_Production_OrderSTATUS -->
  <testcase classname="com.xpan.gnd.full.testsuites.development.ProductionOrder" name="productionOrderRedirectScreen_SelctionPOdetail" time="0.000">
    <skipped/>
  </testcase> <!-- productionOrderRedirectScreen_SelctionPOdetail -->
  <testcase classname="com.xpan.gnd.full.testsuites.development.ProductionOrder" name="productionOrderRedirectScreen_Redirectback" time="0.000">
    <skipped/>
  </testcase> <!-- productionOrderRedirectScreen_Redirectback -->
  <testcase classname="com.xpan.gnd.full.testsuites.development.ProductionOrder" name="prepareReport" time="0.003">
    <error message="no such window: target window already closed
from unknown error: web view not found
  (Session info: chrome=66.0.3359.181)
  (Driver info: chromedriver=2.36.540470 (e522d04694c7ebea4ba8821272dbef4f9b818c91),platform=Windows NT 10.0.10586 x86_64) (WARNING: The server did not provide any stacktrace information)
Command duration or timeout: 0 milliseconds
Build info: version: &#039;3.11.0&#039;, revision: &#039;e59cfb3&#039;, time: &#039;2018-03-11T20:26:55.152Z&#039;
System info: host: &#039;XIPL0448&#039;, ip: &#039;172.26.21.82&#039;, os.name: &#039;Windows 10&#039;, os.arch: &#039;amd64&#039;, os.version: &#039;10.0&#039;, java.version: &#039;10&#039;
Driver info: org.openqa.selenium.chrome.ChromeDriver
Capabilities {acceptInsecureCerts: false, acceptSslCerts: false, applicationCacheEnabled: false, browserConnectionEnabled: false, browserName: chrome, chrome: {chromedriverVersion: 2.36.540470 (e522d04694c7eb..., userDataDir: C:\Users\neerajm\AppData\Lo...}, cssSelectorsEnabled: true, databaseEnabled: false, handlesAlerts: true, hasTouchScreen: false, javascriptEnabled: true, locationContextEnabled: true, mobileEmulationEnabled: false, nativeEvents: true, networkConnectionEnabled: false, pageLoadStrategy: normal, platform: XP, platformName: XP, rotatable: false, setWindowRect: true, takesHeapSnapshot: true, takesScreenshot: true, unexpectedAlertBehaviour: , unhandledPromptBehavior: , version: 66.0.3359.181, webStorageEnabled: true}
Session ID: 731abd9ac117c35d9437675f4e49b6fc" type="org.openqa.selenium.NoSuchWindowException">
      <![CDATA[org.openqa.selenium.NoSuchWindowException: no such window: target window already closed
from unknown error: web view not found
  (Session info: chrome=66.0.3359.181)
  (Driver info: chromedriver=2.36.540470 (e522d04694c7ebea4ba8821272dbef4f9b818c91),platform=Windows NT 10.0.10586 x86_64) (WARNING: The server did not provide any stacktrace information)
Command duration or timeout: 0 milliseconds
Build info: version: '3.11.0', revision: 'e59cfb3', time: '2018-03-11T20:26:55.152Z'
System info: host: 'XIPL0448', ip: '172.26.21.82', os.name: 'Windows 10', os.arch: 'amd64', os.version: '10.0', java.version: '10'
Driver info: org.openqa.selenium.chrome.ChromeDriver
Capabilities {acceptInsecureCerts: false, acceptSslCerts: false, applicationCacheEnabled: false, browserConnectionEnabled: false, browserName: chrome, chrome: {chromedriverVersion: 2.36.540470 (e522d04694c7eb..., userDataDir: C:\Users\neerajm\AppData\Lo...}, cssSelectorsEnabled: true, databaseEnabled: false, handlesAlerts: true, hasTouchScreen: false, javascriptEnabled: true, locationContextEnabled: true, mobileEmulationEnabled: false, nativeEvents: true, networkConnectionEnabled: false, pageLoadStrategy: normal, platform: XP, platformName: XP, rotatable: false, setWindowRect: true, takesHeapSnapshot: true, takesScreenshot: true, unexpectedAlertBehaviour: , unhandledPromptBehavior: , version: 66.0.3359.181, webStorageEnabled: true}
Session ID: 731abd9ac117c35d9437675f4e49b6fc
at java.base/jdk.internal.reflect.NativeConstructorAccessorImpl.newInstance0(Native Method)
at java.base/jdk.internal.reflect.NativeConstructorAccessorImpl.newInstance(NativeConstructorAccessorImpl.java:62)
at java.base/jdk.internal.reflect.DelegatingConstructorAccessorImpl.newInstance(DelegatingConstructorAccessorImpl.java:45)
at java.base/java.lang.reflect.Constructor.newInstance(Constructor.java:488)
at org.openqa.selenium.remote.ErrorHandler.createThrowable(ErrorHandler.java:214)
at org.openqa.selenium.remote.ErrorHandler.throwIfResponseFailed(ErrorHandler.java:166)
at org.openqa.selenium.remote.http.JsonHttpResponseCodec.reconstructValue(JsonHttpResponseCodec.java:40)
at org.openqa.selenium.remote.http.AbstractHttpResponseCodec.decode(AbstractHttpResponseCodec.java:80)
at org.openqa.selenium.remote.http.AbstractHttpResponseCodec.decode(AbstractHttpResponseCodec.java:44)
at org.openqa.selenium.remote.HttpCommandExecutor.execute(HttpCommandExecutor.java:158)
at org.openqa.selenium.remote.service.DriverCommandExecutor.execute(DriverCommandExecutor.java:83)
at org.openqa.selenium.remote.RemoteWebDriver.execute(RemoteWebDriver.java:545)
at org.openqa.selenium.remote.RemoteWebDriver.execute(RemoteWebDriver.java:602)
at org.openqa.selenium.remote.RemoteWebDriver.getScreenshotAs(RemoteWebDriver.java:291)
at com.xpan.gnd.utililies.GnDUtils.takeScreenShot(GnDUtils.java:28)
at com.xpan.gnd.base.BaseTestCase.prepareReport(BaseTestCase.java:92)
at java.base/jdk.internal.reflect.NativeMethodAccessorImpl.invoke0(Native Method)
at java.base/jdk.internal.reflect.NativeMethodAccessorImpl.invoke(NativeMethodAccessorImpl.java:62)
at java.base/jdk.internal.reflect.DelegatingMethodAccessorImpl.invoke(DelegatingMethodAccessorImpl.java:43)
at java.base/java.lang.reflect.Method.invoke(Method.java:564)
at org.testng.internal.MethodInvocationHelper.invokeMethod(MethodInvocationHelper.java:124)
at org.testng.internal.MethodInvocationHelper.invokeMethodConsideringTimeout(MethodInvocationHelper.java:59)
at org.testng.internal.Invoker.invokeConfigurationMethod(Invoker.java:458)
at org.testng.internal.Invoker.invokeConfigurations(Invoker.java:222)
at org.testng.internal.Invoker.invokeMethod(Invoker.java:646)
at org.testng.internal.Invoker.invokeTestMethod(Invoker.java:719)
at org.testng.internal.Invoker.invokeTestMethods(Invoker.java:989)
at org.testng.internal.TestMethodWorker.invokeTestMethods(TestMethodWorker.java:125)
at org.testng.internal.TestMethodWorker.run(TestMethodWorker.java:109)
at org.testng.TestRunner.privateRun(TestRunner.java:648)
at org.testng.TestRunner.run(TestRunner.java:505)
at org.testng.SuiteRunner.runTest(SuiteRunner.java:455)
at org.testng.SuiteRunner.runSequentially(SuiteRunner.java:450)
at org.testng.SuiteRunner.privateRun(SuiteRunner.java:415)
at org.testng.SuiteRunner.run(SuiteRunner.java:364)
at org.testng.SuiteRunnerWorker.runSuite(SuiteRunnerWorker.java:52)
at org.testng.SuiteRunnerWorker.run(SuiteRunnerWorker.java:84)
at org.testng.TestNG.runSuitesSequentially(TestNG.java:1208)
at org.testng.TestNG.runSuitesLocally(TestNG.java:1137)
at org.testng.TestNG.runSuites(TestNG.java:1049)
at org.testng.TestNG.run(TestNG.java:1017)
at org.testng.remote.AbstractRemoteTestNG.run(AbstractRemoteTestNG.java:114)
at org.testng.remote.RemoteTestNG.initAndRun(RemoteTestNG.java:251)
at org.testng.remote.RemoteTestNG.main(RemoteTestNG.java:77)
]]>
    </error>
  </testcase> <!-- prepareReport -->
  <testcase classname="com.xpan.gnd.full.testsuites.development.ProductionOrder" name="productionOrderList_Screen_FilterDate_fields_To" time="0.000">
    <skipped/>
  </testcase> <!-- productionOrderList_Screen_FilterDate_fields_To -->
  <testcase classname="com.xpan.gnd.full.testsuites.development.ProductionOrder" name="productionOrderRedirectScreen_External_Sateliite" time="0.000">
    <skipped/>
  </testcase> <!-- productionOrderRedirectScreen_External_Sateliite -->
  <testcase classname="com.xpan.gnd.full.testsuites.development.ProductionOrder" name="ProductionOrderRedirectScreen_SOselection_forRedirect" time="1.045">
    <error message="no such window: target window already closed
from unknown error: web view not found
  (Session info: chrome=66.0.3359.181)
  (Driver info: chromedriver=2.36.540470 (e522d04694c7ebea4ba8821272dbef4f9b818c91),platform=Windows NT 10.0.10586 x86_64) (WARNING: The server did not provide any stacktrace information)
Command duration or timeout: 0 milliseconds
Build info: version: &#039;3.11.0&#039;, revision: &#039;e59cfb3&#039;, time: &#039;2018-03-11T20:26:55.152Z&#039;
System info: host: &#039;XIPL0448&#039;, ip: &#039;172.26.21.82&#039;, os.name: &#039;Windows 10&#039;, os.arch: &#039;amd64&#039;, os.version: &#039;10.0&#039;, java.version: &#039;10&#039;
Driver info: org.openqa.selenium.chrome.ChromeDriver
Capabilities {acceptInsecureCerts: false, acceptSslCerts: false, applicationCacheEnabled: false, browserConnectionEnabled: false, browserName: chrome, chrome: {chromedriverVersion: 2.36.540470 (e522d04694c7eb..., userDataDir: C:\Users\neerajm\AppData\Lo...}, cssSelectorsEnabled: true, databaseEnabled: false, handlesAlerts: true, hasTouchScreen: false, javascriptEnabled: true, locationContextEnabled: true, mobileEmulationEnabled: false, nativeEvents: true, networkConnectionEnabled: false, pageLoadStrategy: normal, platform: XP, platformName: XP, rotatable: false, setWindowRect: true, takesHeapSnapshot: true, takesScreenshot: true, unexpectedAlertBehaviour: , unhandledPromptBehavior: , version: 66.0.3359.181, webStorageEnabled: true}
Session ID: 731abd9ac117c35d9437675f4e49b6fc
*** Element info: {Using=xpath, value=//input[@name=&#039;username&#039;]}" type="org.openqa.selenium.NoSuchWindowException">
      <![CDATA[org.openqa.selenium.NoSuchWindowException: no such window: target window already closed
from unknown error: web view not found
  (Session info: chrome=66.0.3359.181)
  (Driver info: chromedriver=2.36.540470 (e522d04694c7ebea4ba8821272dbef4f9b818c91),platform=Windows NT 10.0.10586 x86_64) (WARNING: The server did not provide any stacktrace information)
Command duration or timeout: 0 milliseconds
Build info: version: '3.11.0', revision: 'e59cfb3', time: '2018-03-11T20:26:55.152Z'
System info: host: 'XIPL0448', ip: '172.26.21.82', os.name: 'Windows 10', os.arch: 'amd64', os.version: '10.0', java.version: '10'
Driver info: org.openqa.selenium.chrome.ChromeDriver
Capabilities {acceptInsecureCerts: false, acceptSslCerts: false, applicationCacheEnabled: false, browserConnectionEnabled: false, browserName: chrome, chrome: {chromedriverVersion: 2.36.540470 (e522d04694c7eb..., userDataDir: C:\Users\neerajm\AppData\Lo...}, cssSelectorsEnabled: true, databaseEnabled: false, handlesAlerts: true, hasTouchScreen: false, javascriptEnabled: true, locationContextEnabled: true, mobileEmulationEnabled: false, nativeEvents: true, networkConnectionEnabled: false, pageLoadStrategy: normal, platform: XP, platformName: XP, rotatable: false, setWindowRect: true, takesHeapSnapshot: true, takesScreenshot: true, unexpectedAlertBehaviour: , unhandledPromptBehavior: , version: 66.0.3359.181, webStorageEnabled: true}
Session ID: 731abd9ac117c35d9437675f4e49b6fc
*** Element info: {Using=xpath, value=//input[@name='username']}
at java.base/jdk.internal.reflect.NativeConstructorAccessorImpl.newInstance0(Native Method)
at java.base/jdk.internal.reflect.NativeConstructorAccessorImpl.newInstance(NativeConstructorAccessorImpl.java:62)
at java.base/jdk.internal.reflect.DelegatingConstructorAccessorImpl.newInstance(DelegatingConstructorAccessorImpl.java:45)
at java.base/java.lang.reflect.Constructor.newInstance(Constructor.java:488)
at org.openqa.selenium.remote.ErrorHandler.createThrowable(ErrorHandler.java:214)
at org.openqa.selenium.remote.ErrorHandler.throwIfResponseFailed(ErrorHandler.java:166)
at org.openqa.selenium.remote.http.JsonHttpResponseCodec.reconstructValue(JsonHttpResponseCodec.java:40)
at org.openqa.selenium.remote.http.AbstractHttpResponseCodec.decode(AbstractHttpResponseCodec.java:80)
at org.openqa.selenium.remote.http.AbstractHttpResponseCodec.decode(AbstractHttpResponseCodec.java:44)
at org.openqa.selenium.remote.HttpCommandExecutor.execute(HttpCommandExecutor.java:158)
at org.openqa.selenium.remote.service.DriverCommandExecutor.execute(DriverCommandExecutor.java:83)
at org.openqa.selenium.remote.RemoteWebDriver.execute(RemoteWebDriver.java:545)
at org.openqa.selenium.remote.RemoteWebDriver.findElement(RemoteWebDriver.java:319)
at org.openqa.selenium.remote.RemoteWebDriver.findElementByXPath(RemoteWebDriver.java:421)
at org.openqa.selenium.By$ByXPath.findElement(By.java:361)
at org.openqa.selenium.remote.RemoteWebDriver.findElement(RemoteWebDriver.java:311)
at org.openqa.selenium.support.pagefactory.DefaultElementLocator.findElement(DefaultElementLocator.java:69)
at org.openqa.selenium.support.pagefactory.internal.LocatingElementHandler.invoke(LocatingElementHandler.java:38)
at com.sun.proxy.$Proxy14.sendKeys(Unknown Source)
at com.xpan.gnd.full.pages.LoginPage.productionStaffLogin(LoginPage.java:70)
at com.xpan.gnd.full.testsuites.development.ProductionOrder.ProductionOrderRedirectScreen_SOselection_forRedirect(ProductionOrder.java:213)
at java.base/jdk.internal.reflect.NativeMethodAccessorImpl.invoke0(Native Method)
at java.base/jdk.internal.reflect.NativeMethodAccessorImpl.invoke(NativeMethodAccessorImpl.java:62)
at java.base/jdk.internal.reflect.DelegatingMethodAccessorImpl.invoke(DelegatingMethodAccessorImpl.java:43)
at java.base/java.lang.reflect.Method.invoke(Method.java:564)
at org.testng.internal.MethodInvocationHelper.invokeMethod(MethodInvocationHelper.java:124)
at org.testng.internal.Invoker.invokeMethod(Invoker.java:583)
at org.testng.internal.Invoker.invokeTestMethod(Invoker.java:719)
at org.testng.internal.Invoker.invokeTestMethods(Invoker.java:989)
at org.testng.internal.TestMethodWorker.invokeTestMethods(TestMethodWorker.java:125)
at org.testng.internal.TestMethodWorker.run(TestMethodWorker.java:109)
at org.testng.TestRunner.privateRun(TestRunner.java:648)
at org.testng.TestRunner.run(TestRunner.java:505)
at org.testng.SuiteRunner.runTest(SuiteRunner.java:455)
at org.testng.SuiteRunner.runSequentially(SuiteRunner.java:450)
at org.testng.SuiteRunner.privateRun(SuiteRunner.java:415)
at org.testng.SuiteRunner.run(SuiteRunner.java:364)
at org.testng.SuiteRunnerWorker.runSuite(SuiteRunnerWorker.java:52)
at org.testng.SuiteRunnerWorker.run(SuiteRunnerWorker.java:84)
at org.testng.TestNG.runSuitesSequentially(TestNG.java:1208)
at org.testng.TestNG.runSuitesLocally(TestNG.java:1137)
at org.testng.TestNG.runSuites(TestNG.java:1049)
at org.testng.TestNG.run(TestNG.java:1017)
at org.testng.remote.AbstractRemoteTestNG.run(AbstractRemoteTestNG.java:114)
at org.testng.remote.RemoteTestNG.initAndRun(RemoteTestNG.java:251)
at org.testng.remote.RemoteTestNG.main(RemoteTestNG.java:77)
]]>
    </error>
  </testcase> <!-- ProductionOrderRedirectScreen_SOselection_forRedirect -->
  <testcase classname="com.xpan.gnd.full.testsuites.development.ProductionOrder" name="productionOrderListScreen_Filtericon" time="0.000">
    <skipped/>
  </testcase> <!-- productionOrderListScreen_Filtericon -->
  <testcase classname="com.xpan.gnd.full.testsuites.development.ProductionOrder" name="productionOrderList_Screen_Filterapply" time="0.000">
    <skipped/>
  </testcase> <!-- productionOrderList_Screen_Filterapply -->
  <testcase classname="com.xpan.gnd.full.testsuites.development.ProductionOrder" name="productionOrderList_Screen_Sales_Order_ID_link" time="0.000">
    <skipped/>
  </testcase> <!-- productionOrderList_Screen_Sales_Order_ID_link -->
  <testcase classname="com.xpan.gnd.full.testsuites.development.ProductionOrder" name="productionOrderList_Screen_Pagination" time="0.000">
    <skipped/>
  </testcase> <!-- productionOrderList_Screen_Pagination -->
  <testcase classname="com.xpan.gnd.full.testsuites.development.ProductionOrder" name="productionOrderList_Screen_Contents_display" time="0.000">
    <skipped/>
  </testcase> <!-- productionOrderList_Screen_Contents_display -->
  <testcase classname="com.xpan.gnd.full.testsuites.development.ProductionOrder" name="productionOrderList_Screen_Action_buttons_Enabled" time="0.000">
    <skipped/>
  </testcase> <!-- productionOrderList_Screen_Action_buttons_Enabled -->
  <testcase classname="com.xpan.gnd.full.testsuites.development.ProductionOrder" name="productionOrderList_Screen_FilterDate_fields_Both" time="0.000">
    <skipped/>
  </testcase> <!-- productionOrderList_Screen_FilterDate_fields_Both -->
  <testcase classname="com.xpan.gnd.full.testsuites.development.ProductionOrder" name="productionOrderList_Screen_SearchBox" time="0.000">
    <skipped/>
  </testcase> <!-- productionOrderList_Screen_SearchBox -->
  <testcase classname="com.xpan.gnd.full.testsuites.development.ProductionOrder" name="productionOrderRedirectScreen_Different_Client_Manager" time="0.000">
    <skipped/>
  </testcase> <!-- productionOrderRedirectScreen_Different_Client_Manager -->
  <testcase classname="com.xpan.gnd.full.testsuites.development.ProductionOrder" name="production_OrderList_Screen_TagChip" time="0.000">
    <skipped/>
  </testcase> <!-- production_OrderList_Screen_TagChip -->
</testsuite> <!-- com.xpan.gnd.full.testsuites.development.ProductionOrder -->
