<?xml version="1.0" encoding="UTF-8"?>
<!-- Generated by org.testng.reporters.JUnitReportReporter -->
<testsuite hostname="XIPL0448" failures="0" tests="10" name="com.gi.de.full.testsuites.development.Login" time="40.819" errors="1" timestamp="25 May 2018 13:27:01 GMT" skipped="7">
  <testcase classname="com.gi.de.full.testsuites.development.Login" name="LoginScreen_ApplicationUrl" time="9.542"/>
  <testcase classname="com.gi.de.full.testsuites.development.Login" name="LoginScreen_ApplicationUrl" time="0.000">
    <skipped/>
  </testcase> <!-- LoginScreen_ApplicationUrl -->
  <testcase classname="com.gi.de.full.testsuites.development.Login" name="LoginScreen_ApplicationUrl" time="7.329"/>
  <testcase classname="com.gi.de.full.testsuites.development.Login" name="setup" time="23.948">
    <error message="Unexpected error launching Internet Explorer. IELaunchURL() returned HRESULT 80070012 (&#039;There are no more files.&#039;) for URL &#039;http://localhost:27507/&#039;
Build info: version: &#039;3.11.0&#039;, revision: &#039;e59cfb3&#039;, time: &#039;2018-03-11T20:26:55.152Z&#039;
System info: host: &#039;XIPL0448&#039;, ip: &#039;172.26.21.82&#039;, os.name: &#039;Windows 10&#039;, os.arch: &#039;amd64&#039;, os.version: &#039;10.0&#039;, java.version: &#039;10&#039;
Driver info: driver.version: IEWebDriver
remote stacktrace: " type="org.openqa.selenium.SessionNotCreatedException">
      <![CDATA[org.openqa.selenium.SessionNotCreatedException: Unexpected error launching Internet Explorer. IELaunchURL() returned HRESULT 80070012 ('There are no more files.') for URL 'http://localhost:27507/'
Build info: version: '3.11.0', revision: 'e59cfb3', time: '2018-03-11T20:26:55.152Z'
System info: host: 'XIPL0448', ip: '172.26.21.82', os.name: 'Windows 10', os.arch: 'amd64', os.version: '10.0', java.version: '10'
Driver info: driver.version: IEWebDriver
remote stacktrace: 
at java.base/jdk.internal.reflect.NativeConstructorAccessorImpl.newInstance0(Native Method)
at java.base/jdk.internal.reflect.NativeConstructorAccessorImpl.newInstance(NativeConstructorAccessorImpl.java:62)
at java.base/jdk.internal.reflect.DelegatingConstructorAccessorImpl.newInstance(DelegatingConstructorAccessorImpl.java:45)
at java.base/java.lang.reflect.Constructor.newInstance(Constructor.java:488)
at org.openqa.selenium.remote.W3CHandshakeResponse.lambda$new$0(W3CHandshakeResponse.java:57)
at org.openqa.selenium.remote.W3CHandshakeResponse.lambda$getResponseFunction$2(W3CHandshakeResponse.java:104)
at org.openqa.selenium.remote.ProtocolHandshake.lambda$createSession$0(ProtocolHandshake.java:123)
at java.base/java.util.stream.ReferencePipeline$3$1.accept(ReferencePipeline.java:195)
at java.base/java.util.Spliterators$ArraySpliterator.tryAdvance(Spliterators.java:958)
at java.base/java.util.stream.ReferencePipeline.forEachWithCancel(ReferencePipeline.java:127)
at java.base/java.util.stream.AbstractPipeline.copyIntoWithCancel(AbstractPipeline.java:502)
at java.base/java.util.stream.AbstractPipeline.copyInto(AbstractPipeline.java:488)
at java.base/java.util.stream.AbstractPipeline.wrapAndCopyInto(AbstractPipeline.java:474)
at java.base/java.util.stream.FindOps$FindOp.evaluateSequential(FindOps.java:150)
at java.base/java.util.stream.AbstractPipeline.evaluate(AbstractPipeline.java:234)
at java.base/java.util.stream.ReferencePipeline.findFirst(ReferencePipeline.java:543)
at org.openqa.selenium.remote.ProtocolHandshake.createSession(ProtocolHandshake.java:126)
at org.openqa.selenium.remote.ProtocolHandshake.createSession(ProtocolHandshake.java:73)
at org.openqa.selenium.remote.HttpCommandExecutor.execute(HttpCommandExecutor.java:136)
at org.openqa.selenium.remote.service.DriverCommandExecutor.execute(DriverCommandExecutor.java:83)
at org.openqa.selenium.remote.RemoteWebDriver.execute(RemoteWebDriver.java:545)
at org.openqa.selenium.remote.RemoteWebDriver.startSession(RemoteWebDriver.java:209)
at org.openqa.selenium.ie.InternetExplorerDriver.run(InternetExplorerDriver.java:223)
at org.openqa.selenium.ie.InternetExplorerDriver.<init>(InternetExplorerDriver.java:215)
at org.openqa.selenium.ie.InternetExplorerDriver.<init>(InternetExplorerDriver.java:152)
at com.gi.de.browsers.IEWebDriver.getDriver(IEWebDriver.java:13)
at com.gi.de.browsers.BrowserTypes.getDriver(BrowserTypes.java:14)
at com.gi.de.base.BaseTestCase.setup(BaseTestCase.java:63)
at java.base/jdk.internal.reflect.NativeMethodAccessorImpl.invoke0(Native Method)
at java.base/jdk.internal.reflect.NativeMethodAccessorImpl.invoke(NativeMethodAccessorImpl.java:62)
at java.base/jdk.internal.reflect.DelegatingMethodAccessorImpl.invoke(DelegatingMethodAccessorImpl.java:43)
at java.base/java.lang.reflect.Method.invoke(Method.java:564)
at org.testng.internal.MethodInvocationHelper.invokeMethod(MethodInvocationHelper.java:124)
at org.testng.internal.MethodInvocationHelper.invokeMethodConsideringTimeout(MethodInvocationHelper.java:59)
at org.testng.internal.Invoker.invokeConfigurationMethod(Invoker.java:458)
at org.testng.internal.Invoker.invokeConfigurations(Invoker.java:222)
at org.testng.internal.Invoker.invokeMethod(Invoker.java:523)
at org.testng.internal.Invoker.invokeTestMethod(Invoker.java:719)
at org.testng.internal.Invoker.invokeTestMethods(Invoker.java:989)
at org.testng.internal.TestMethodWorker.invokeTestMethods(TestMethodWorker.java:125)
at org.testng.internal.TestMethodWorker.run(TestMethodWorker.java:109)
at java.base/java.util.concurrent.ThreadPoolExecutor.runWorker(ThreadPoolExecutor.java:1135)
at java.base/java.util.concurrent.ThreadPoolExecutor$Worker.run(ThreadPoolExecutor.java:635)
at java.base/java.lang.Thread.run(Thread.java:844)
]]>
    </error>
  </testcase> <!-- setup -->
  <testcase classname="com.gi.de.full.testsuites.development.Login" name="loginScreen_ValidUser_OperationManager">
    <skipped/>
  </testcase> <!-- loginScreen_ValidUser_OperationManager -->
  <testcase classname="com.gi.de.full.testsuites.development.Login" name="loginScreen_ValidUser_OperationManager">
    <skipped/>
  </testcase> <!-- loginScreen_ValidUser_OperationManager -->
  <testcase classname="com.gi.de.full.testsuites.development.Login" name="loginScreen_ValidUser_OperationManager">
    <skipped/>
  </testcase> <!-- loginScreen_ValidUser_OperationManager -->
  <testcase classname="com.gi.de.full.testsuites.development.Login" name="loginScreen_ValidUser_ProductionStaff">
    <skipped/>
  </testcase> <!-- loginScreen_ValidUser_ProductionStaff -->
  <testcase classname="com.gi.de.full.testsuites.development.Login" name="loginScreen_ValidUser_ProductionStaff">
    <skipped/>
  </testcase> <!-- loginScreen_ValidUser_ProductionStaff -->
  <testcase classname="com.gi.de.full.testsuites.development.Login" name="loginScreen_ValidUser_ProductionStaff">
    <skipped/>
  </testcase> <!-- loginScreen_ValidUser_ProductionStaff -->
</testsuite> <!-- com.gi.de.full.testsuites.development.Login -->
